21-Jun-2017 19:56:22.217 INFO [main] org.apache.catalina.startup.VersionLoggerListener.log Server version:        Apache Tomcat/9.0.0.M1
21-Jun-2017 19:56:22.218 INFO [main] org.apache.catalina.startup.VersionLoggerListener.log Server built:          Nov 12 2015 22:05:52 UTC
21-Jun-2017 19:56:22.218 INFO [main] org.apache.catalina.startup.VersionLoggerListener.log Server number:         9.0.0.0
21-Jun-2017 19:56:22.218 INFO [main] org.apache.catalina.startup.VersionLoggerListener.log OS Name:               Windows 10
21-Jun-2017 19:56:22.218 INFO [main] org.apache.catalina.startup.VersionLoggerListener.log OS Version:            10.0
21-Jun-2017 19:56:22.218 INFO [main] org.apache.catalina.startup.VersionLoggerListener.log Architecture:          x86
21-Jun-2017 19:56:22.219 INFO [main] org.apache.catalina.startup.VersionLoggerListener.log Java Home:             c:\program files (x86)\java\jdk1.8.0_65\jre
21-Jun-2017 19:56:22.219 INFO [main] org.apache.catalina.startup.VersionLoggerListener.log JVM Version:           1.8.0_65-b17
21-Jun-2017 19:56:22.219 INFO [main] org.apache.catalina.startup.VersionLoggerListener.log JVM Vendor:            Oracle Corporation
21-Jun-2017 19:56:22.219 INFO [main] org.apache.catalina.startup.VersionLoggerListener.log CATALINA_BASE:         C:\apache-tomcat-9.0.0.M1
21-Jun-2017 19:56:22.219 INFO [main] org.apache.catalina.startup.VersionLoggerListener.log CATALINA_HOME:         C:\apache-tomcat-9.0.0.M1
21-Jun-2017 19:56:22.219 INFO [main] org.apache.catalina.startup.VersionLoggerListener.log Command line argument: -Djava.util.logging.config.file=C:\apache-tomcat-9.0.0.M1\conf\logging.properties
21-Jun-2017 19:56:22.219 INFO [main] org.apache.catalina.startup.VersionLoggerListener.log Command line argument: -Djava.util.logging.manager=org.apache.juli.ClassLoaderLogManager
21-Jun-2017 19:56:22.219 INFO [main] org.apache.catalina.startup.VersionLoggerListener.log Command line argument: -Dcatalina.base=C:\apache-tomcat-9.0.0.M1
21-Jun-2017 19:56:22.219 INFO [main] org.apache.catalina.startup.VersionLoggerListener.log Command line argument: -Dcatalina.home=C:\apache-tomcat-9.0.0.M1
21-Jun-2017 19:56:22.220 INFO [main] org.apache.catalina.startup.VersionLoggerListener.log Command line argument: -Djava.io.tmpdir=C:\apache-tomcat-9.0.0.M1\temp
21-Jun-2017 19:56:22.220 INFO [main] org.apache.catalina.core.AprLifecycleListener.lifecycleEvent The APR based Apache Tomcat Native library which allows optimal performance in production environments was not found on the java.library.path: c:\program files (x86)\java\jdk1.8.0_65\jre\bin;C:\WINDOWS\Sun\Java\bin;C:\WINDOWS\system32;C:\WINDOWS;C:\ProgramData\Oracle\Java\javapath;C:\Windows\system32;C:\Windows;C:\Windows\System32\Wbem;C:\Windows\System32\WindowsPowerShell\v1.0\;C:\Program Files (x86)\QuickTime\QTSystem\;C:\Program Files (x86)\NVIDIA Corporation\PhysX\Common;C:\ProgramData\chocolatey\bin;C:\Program Files\Java\jdk1.8.0_65\bin;C:\WINDOWS\system32;C:\WINDOWS;C:\WINDOWS\System32\Wbem;C:\WINDOWS\System32\WindowsPowerShell\v1.0\;C:\Program Files (x86)\Windows Live\Shared;C:\Users\Jordan\AppData\Local\Programs\Git\bin;C:\Program Files (x86)\Vim\vim74;C:\Program Files (x86)\Nasm;C:\Users\Jordan\Downloads\emacs\bin;C:\Program Files (x86)\Notepad++;C:\Program Files (x86)\apache-maven-3.3.9\bin;C:\Program Files (x86)\MySQL\MySQL Server 5.7\bin;C:\Program Files\apache-ant-1.9.7\bin;C:\Python27;C:\Program Files (x86)\Node;C:\Program Files\nodejs\;C:\Python27\Scripts;C:\Program Files (x86)\GtkSharp\2.12\bin;C:\tools\php;C:\Users\Jordan\Anaconda2;C:\Users\Jordan\Anaconda2\Scripts;C:\Users\Jordan\Anaconda2\Library\bin;C:\Applications\Atlassian\atlassian-plugin-sdk-6.1.0\bin;C:\Users\Jordan\AppData\Roaming\npm;%USERPROFILE%\AppData\Local\Microsoft\WindowsApps;C:\tools\php;C:\tools\mysql\current\bin;;.
21-Jun-2017 19:56:22.596 INFO [main] org.apache.coyote.AbstractProtocol.init Initializing ProtocolHandler ["http-nio-8080"]
21-Jun-2017 19:56:22.667 INFO [main] org.apache.tomcat.util.net.NioSelectorPool.getSharedSelector Using a shared selector for servlet write/read
21-Jun-2017 19:56:22.669 INFO [main] org.apache.coyote.AbstractProtocol.init Initializing ProtocolHandler ["ajp-nio-8009"]
21-Jun-2017 19:56:22.673 INFO [main] org.apache.tomcat.util.net.NioSelectorPool.getSharedSelector Using a shared selector for servlet write/read
21-Jun-2017 19:56:22.673 INFO [main] org.apache.catalina.startup.Catalina.load Initialization processed in 767 ms
21-Jun-2017 19:56:22.694 INFO [main] org.apache.catalina.core.StandardService.startInternal Starting service Catalina
21-Jun-2017 19:56:22.694 INFO [main] org.apache.catalina.core.StandardEngine.startInternal Starting Servlet Engine: Apache Tomcat/9.0.0.M1
21-Jun-2017 19:56:22.702 INFO [localhost-startStop-1] org.apache.catalina.startup.HostConfig.deployDirectory Deploying web application directory C:\apache-tomcat-9.0.0.M1\webapps\docs
21-Jun-2017 19:56:22.961 INFO [localhost-startStop-1] org.apache.catalina.startup.HostConfig.deployDirectory Deployment of web application directory C:\apache-tomcat-9.0.0.M1\webapps\docs has finished in 258 ms
21-Jun-2017 19:56:22.961 INFO [localhost-startStop-1] org.apache.catalina.startup.HostConfig.deployDirectory Deploying web application directory C:\apache-tomcat-9.0.0.M1\webapps\examples
21-Jun-2017 19:56:23.588 INFO [localhost-startStop-1] org.apache.catalina.startup.HostConfig.deployDirectory Deployment of web application directory C:\apache-tomcat-9.0.0.M1\webapps\examples has finished in 627 ms
21-Jun-2017 19:56:23.588 INFO [localhost-startStop-1] org.apache.catalina.startup.HostConfig.deployDirectory Deploying web application directory C:\apache-tomcat-9.0.0.M1\webapps\host-manager
21-Jun-2017 19:56:23.616 INFO [localhost-startStop-1] org.apache.catalina.startup.HostConfig.deployDirectory Deployment of web application directory C:\apache-tomcat-9.0.0.M1\webapps\host-manager has finished in 28 ms
21-Jun-2017 19:56:23.616 INFO [localhost-startStop-1] org.apache.catalina.startup.HostConfig.deployDirectory Deploying web application directory C:\apache-tomcat-9.0.0.M1\webapps\manager
21-Jun-2017 19:56:23.641 INFO [localhost-startStop-1] org.apache.catalina.startup.HostConfig.deployDirectory Deployment of web application directory C:\apache-tomcat-9.0.0.M1\webapps\manager has finished in 25 ms
21-Jun-2017 19:56:23.641 INFO [localhost-startStop-1] org.apache.catalina.startup.HostConfig.deployDirectory Deploying web application directory C:\apache-tomcat-9.0.0.M1\webapps\ROOT
21-Jun-2017 19:56:23.674 INFO [localhost-startStop-1] org.apache.catalina.startup.HostConfig.deployDirectory Deployment of web application directory C:\apache-tomcat-9.0.0.M1\webapps\ROOT has finished in 33 ms
21-Jun-2017 19:56:23.675 INFO [main] org.apache.coyote.AbstractProtocol.start Starting ProtocolHandler [http-nio-8080]
21-Jun-2017 19:56:23.680 INFO [main] org.apache.coyote.AbstractProtocol.start Starting ProtocolHandler [ajp-nio-8009]
21-Jun-2017 19:56:23.681 INFO [main] org.apache.catalina.startup.Catalina.start Server startup in 1008 ms
21-Jun-2017 20:00:59.401 WARNING [main] org.apache.catalina.core.AprLifecycleListener.init The APR based Apache Tomcat Native library failed to load. The error reported was [C:\apache-tomcat-9.0.0.M1\bin\tcnative-1.dll: %1 is not a valid Win32 application]
 java.lang.UnsatisfiedLinkError: C:\apache-tomcat-9.0.0.M1\bin\tcnative-1.dll: %1 is not a valid Win32 application
	at java.lang.ClassLoader$NativeLibrary.load(Native Method)
	at java.lang.ClassLoader.loadLibrary0(ClassLoader.java:1938)
	at java.lang.ClassLoader.loadLibrary(ClassLoader.java:1854)
	at java.lang.Runtime.loadLibrary0(Runtime.java:870)
	at java.lang.System.loadLibrary(System.java:1122)
	at org.apache.tomcat.jni.Library.<init>(Library.java:42)
	at org.apache.tomcat.jni.Library.initialize(Library.java:178)
	at org.apache.catalina.core.AprLifecycleListener.init(AprLifecycleListener.java:197)
	at org.apache.catalina.core.AprLifecycleListener.isAprAvailable(AprLifecycleListener.java:106)
	at org.apache.catalina.connector.Connector.setProtocol(Connector.java:565)
	at org.apache.catalina.connector.Connector.<init>(Connector.java:68)
	at org.apache.catalina.startup.ConnectorCreateRule.begin(ConnectorCreateRule.java:64)
	at org.apache.tomcat.util.digester.Digester.startElement(Digester.java:1178)
	at com.sun.org.apache.xerces.internal.parsers.AbstractSAXParser.startElement(AbstractSAXParser.java:509)
	at com.sun.org.apache.xerces.internal.parsers.AbstractXMLDocumentParser.emptyElement(AbstractXMLDocumentParser.java:182)
	at com.sun.org.apache.xerces.internal.impl.XMLDocumentFragmentScannerImpl.scanStartElement(XMLDocumentFragmentScannerImpl.java:1344)
	at com.sun.org.apache.xerces.internal.impl.XMLDocumentFragmentScannerImpl$FragmentContentDriver.next(XMLDocumentFragmentScannerImpl.java:2787)
	at com.sun.org.apache.xerces.internal.impl.XMLDocumentScannerImpl.next(XMLDocumentScannerImpl.java:606)
	at com.sun.org.apache.xerces.internal.impl.XMLDocumentFragmentScannerImpl.scanDocument(XMLDocumentFragmentScannerImpl.java:510)
	at com.sun.org.apache.xerces.internal.parsers.XML11Configuration.parse(XML11Configuration.java:848)
	at com.sun.org.apache.xerces.internal.parsers.XML11Configuration.parse(XML11Configuration.java:777)
	at com.sun.org.apache.xerces.internal.parsers.XMLParser.parse(XMLParser.java:141)
	at com.sun.org.apache.xerces.internal.parsers.AbstractSAXParser.parse(AbstractSAXParser.java:1213)
	at com.sun.org.apache.xerces.internal.jaxp.SAXParserImpl$JAXPSAXParser.parse(SAXParserImpl.java:643)
	at org.apache.tomcat.util.digester.Digester.parse(Digester.java:1451)
	at org.apache.catalina.startup.Catalina.load(Catalina.java:575)
	at org.apache.catalina.startup.Catalina.load(Catalina.java:623)
	at sun.reflect.NativeMethodAccessorImpl.invoke0(Native Method)
	at sun.reflect.NativeMethodAccessorImpl.invoke(NativeMethodAccessorImpl.java:62)
	at sun.reflect.DelegatingMethodAccessorImpl.invoke(DelegatingMethodAccessorImpl.java:43)
	at java.lang.reflect.Method.invoke(Method.java:497)
	at org.apache.catalina.startup.Bootstrap.load(Bootstrap.java:310)
	at org.apache.catalina.startup.Bootstrap.main(Bootstrap.java:484)

21-Jun-2017 20:00:59.451 INFO [main] org.apache.catalina.startup.VersionLoggerListener.log Server version:        Apache Tomcat/9.0.0.M1
21-Jun-2017 20:00:59.451 INFO [main] org.apache.catalina.startup.VersionLoggerListener.log Server built:          Nov 12 2015 22:05:52 UTC
21-Jun-2017 20:00:59.452 INFO [main] org.apache.catalina.startup.VersionLoggerListener.log Server number:         9.0.0.0
21-Jun-2017 20:00:59.452 INFO [main] org.apache.catalina.startup.VersionLoggerListener.log OS Name:               Windows 10
21-Jun-2017 20:00:59.453 INFO [main] org.apache.catalina.startup.VersionLoggerListener.log OS Version:            10.0
21-Jun-2017 20:00:59.453 INFO [main] org.apache.catalina.startup.VersionLoggerListener.log Architecture:          x86
21-Jun-2017 20:00:59.453 INFO [main] org.apache.catalina.startup.VersionLoggerListener.log Java Home:             c:\program files (x86)\java\jdk1.8.0_65\jre
21-Jun-2017 20:00:59.454 INFO [main] org.apache.catalina.startup.VersionLoggerListener.log JVM Version:           1.8.0_65-b17
21-Jun-2017 20:00:59.454 INFO [main] org.apache.catalina.startup.VersionLoggerListener.log JVM Vendor:            Oracle Corporation
21-Jun-2017 20:00:59.454 INFO [main] org.apache.catalina.startup.VersionLoggerListener.log CATALINA_BASE:         C:\apache-tomcat-9.0.0.M1
21-Jun-2017 20:00:59.455 INFO [main] org.apache.catalina.startup.VersionLoggerListener.log CATALINA_HOME:         C:\apache-tomcat-9.0.0.M1
21-Jun-2017 20:00:59.455 INFO [main] org.apache.catalina.startup.VersionLoggerListener.log Command line argument: -Djava.util.logging.config.file=C:\apache-tomcat-9.0.0.M1\conf\logging.properties
21-Jun-2017 20:00:59.455 INFO [main] org.apache.catalina.startup.VersionLoggerListener.log Command line argument: -Djava.util.logging.manager=org.apache.juli.ClassLoaderLogManager
21-Jun-2017 20:00:59.456 INFO [main] org.apache.catalina.startup.VersionLoggerListener.log Command line argument: -Dcatalina.base=C:\apache-tomcat-9.0.0.M1
21-Jun-2017 20:00:59.456 INFO [main] org.apache.catalina.startup.VersionLoggerListener.log Command line argument: -Dcatalina.home=C:\apache-tomcat-9.0.0.M1
21-Jun-2017 20:00:59.456 INFO [main] org.apache.catalina.startup.VersionLoggerListener.log Command line argument: -Djava.io.tmpdir=C:\apache-tomcat-9.0.0.M1\temp
21-Jun-2017 20:00:59.530 INFO [main] org.apache.coyote.AbstractProtocol.init Initializing ProtocolHandler ["http-nio-8080"]
21-Jun-2017 20:00:59.570 INFO [main] org.apache.tomcat.util.net.NioSelectorPool.getSharedSelector Using a shared selector for servlet write/read
21-Jun-2017 20:00:59.575 INFO [main] org.apache.coyote.AbstractProtocol.init Initializing ProtocolHandler ["ajp-nio-8009"]
21-Jun-2017 20:00:59.577 INFO [main] org.apache.tomcat.util.net.NioSelectorPool.getSharedSelector Using a shared selector for servlet write/read
21-Jun-2017 20:00:59.577 INFO [main] org.apache.catalina.startup.Catalina.load Initialization processed in 324 ms
21-Jun-2017 20:00:59.590 INFO [main] org.apache.catalina.core.StandardService.startInternal Starting service Catalina
21-Jun-2017 20:00:59.590 INFO [main] org.apache.catalina.core.StandardEngine.startInternal Starting Servlet Engine: Apache Tomcat/9.0.0.M1
21-Jun-2017 20:00:59.597 INFO [localhost-startStop-1] org.apache.catalina.startup.HostConfig.deployDirectory Deploying web application directory C:\apache-tomcat-9.0.0.M1\webapps\docs
21-Jun-2017 20:00:59.815 INFO [localhost-startStop-1] org.apache.catalina.startup.HostConfig.deployDirectory Deployment of web application directory C:\apache-tomcat-9.0.0.M1\webapps\docs has finished in 218 ms
21-Jun-2017 20:00:59.815 INFO [localhost-startStop-1] org.apache.catalina.startup.HostConfig.deployDirectory Deploying web application directory C:\apache-tomcat-9.0.0.M1\webapps\examples
21-Jun-2017 20:01:00.008 INFO [localhost-startStop-1] org.apache.catalina.startup.HostConfig.deployDirectory Deployment of web application directory C:\apache-tomcat-9.0.0.M1\webapps\examples has finished in 193 ms
21-Jun-2017 20:01:00.009 INFO [localhost-startStop-1] org.apache.catalina.startup.HostConfig.deployDirectory Deploying web application directory C:\apache-tomcat-9.0.0.M1\webapps\host-manager
21-Jun-2017 20:01:00.030 INFO [localhost-startStop-1] org.apache.catalina.startup.HostConfig.deployDirectory Deployment of web application directory C:\apache-tomcat-9.0.0.M1\webapps\host-manager has finished in 20 ms
21-Jun-2017 20:01:00.030 INFO [localhost-startStop-1] org.apache.catalina.startup.HostConfig.deployDirectory Deploying web application directory C:\apache-tomcat-9.0.0.M1\webapps\manager
21-Jun-2017 20:01:00.047 INFO [localhost-startStop-1] org.apache.catalina.startup.HostConfig.deployDirectory Deployment of web application directory C:\apache-tomcat-9.0.0.M1\webapps\manager has finished in 17 ms
21-Jun-2017 20:01:00.047 INFO [localhost-startStop-1] org.apache.catalina.startup.HostConfig.deployDirectory Deploying web application directory C:\apache-tomcat-9.0.0.M1\webapps\ROOT
21-Jun-2017 20:01:00.076 INFO [localhost-startStop-1] org.apache.catalina.startup.HostConfig.deployDirectory Deployment of web application directory C:\apache-tomcat-9.0.0.M1\webapps\ROOT has finished in 29 ms
21-Jun-2017 20:01:00.078 INFO [main] org.apache.coyote.AbstractProtocol.start Starting ProtocolHandler [http-nio-8080]
21-Jun-2017 20:01:00.082 INFO [main] org.apache.coyote.AbstractProtocol.start Starting ProtocolHandler [ajp-nio-8009]
21-Jun-2017 20:01:00.084 INFO [main] org.apache.catalina.startup.Catalina.start Server startup in 505 ms
21-Jun-2017 20:01:42.881 INFO [main] org.apache.catalina.startup.VersionLoggerListener.log Server version:        Apache Tomcat/9.0.0.M1
21-Jun-2017 20:01:42.881 INFO [main] org.apache.catalina.startup.VersionLoggerListener.log Server built:          Nov 12 2015 22:05:52 UTC
21-Jun-2017 20:01:42.882 INFO [main] org.apache.catalina.startup.VersionLoggerListener.log Server number:         9.0.0.0
21-Jun-2017 20:01:42.882 INFO [main] org.apache.catalina.startup.VersionLoggerListener.log OS Name:               Windows 10
21-Jun-2017 20:01:42.882 INFO [main] org.apache.catalina.startup.VersionLoggerListener.log OS Version:            10.0
21-Jun-2017 20:01:42.882 INFO [main] org.apache.catalina.startup.VersionLoggerListener.log Architecture:          x86
21-Jun-2017 20:01:42.882 INFO [main] org.apache.catalina.startup.VersionLoggerListener.log Java Home:             c:\program files (x86)\java\jdk1.8.0_65\jre
21-Jun-2017 20:01:42.883 INFO [main] org.apache.catalina.startup.VersionLoggerListener.log JVM Version:           1.8.0_65-b17
21-Jun-2017 20:01:42.883 INFO [main] org.apache.catalina.startup.VersionLoggerListener.log JVM Vendor:            Oracle Corporation
21-Jun-2017 20:01:42.883 INFO [main] org.apache.catalina.startup.VersionLoggerListener.log CATALINA_BASE:         C:\apache-tomcat-9.0.0.M1
21-Jun-2017 20:01:42.883 INFO [main] org.apache.catalina.startup.VersionLoggerListener.log CATALINA_HOME:         C:\apache-tomcat-9.0.0.M1
21-Jun-2017 20:01:42.883 INFO [main] org.apache.catalina.startup.VersionLoggerListener.log Command line argument: -Djava.util.logging.config.file=C:\apache-tomcat-9.0.0.M1\conf\logging.properties
21-Jun-2017 20:01:42.883 INFO [main] org.apache.catalina.startup.VersionLoggerListener.log Command line argument: -Djava.util.logging.manager=org.apache.juli.ClassLoaderLogManager
21-Jun-2017 20:01:42.884 INFO [main] org.apache.catalina.startup.VersionLoggerListener.log Command line argument: -Dcatalina.base=C:\apache-tomcat-9.0.0.M1
21-Jun-2017 20:01:42.884 INFO [main] org.apache.catalina.startup.VersionLoggerListener.log Command line argument: -Dcatalina.home=C:\apache-tomcat-9.0.0.M1
21-Jun-2017 20:01:42.884 INFO [main] org.apache.catalina.startup.VersionLoggerListener.log Command line argument: -Djava.io.tmpdir=C:\apache-tomcat-9.0.0.M1\temp
21-Jun-2017 20:01:42.884 INFO [main] org.apache.catalina.core.AprLifecycleListener.lifecycleEvent The APR based Apache Tomcat Native library which allows optimal performance in production environments was not found on the java.library.path: c:\program files (x86)\java\jdk1.8.0_65\jre\bin;C:\WINDOWS\Sun\Java\bin;C:\WINDOWS\system32;C:\WINDOWS;C:\ProgramData\Oracle\Java\javapath;C:\Windows\system32;C:\Windows;C:\Windows\System32\Wbem;C:\Windows\System32\WindowsPowerShell\v1.0\;C:\Program Files (x86)\QuickTime\QTSystem\;C:\Program Files (x86)\NVIDIA Corporation\PhysX\Common;C:\ProgramData\chocolatey\bin;C:\Program Files\Java\jdk1.8.0_65\bin;C:\WINDOWS\system32;C:\WINDOWS;C:\WINDOWS\System32\Wbem;C:\WINDOWS\System32\WindowsPowerShell\v1.0\;C:\Program Files (x86)\Windows Live\Shared;C:\Users\Jordan\AppData\Local\Programs\Git\bin;C:\Program Files (x86)\Vim\vim74;C:\Program Files (x86)\Nasm;C:\Users\Jordan\Downloads\emacs\bin;C:\Program Files (x86)\Notepad++;C:\Program Files (x86)\apache-maven-3.3.9\bin;C:\Program Files (x86)\MySQL\MySQL Server 5.7\bin;C:\Program Files\apache-ant-1.9.7\bin;C:\Python27;C:\Program Files (x86)\Node;C:\Program Files\nodejs\;C:\Python27\Scripts;C:\Program Files (x86)\GtkSharp\2.12\bin;C:\tools\php;C:\Users\Jordan\Anaconda2;C:\Users\Jordan\Anaconda2\Scripts;C:\Users\Jordan\Anaconda2\Library\bin;C:\Applications\Atlassian\atlassian-plugin-sdk-6.1.0\bin;C:\Users\Jordan\AppData\Roaming\npm;%USERPROFILE%\AppData\Local\Microsoft\WindowsApps;C:\tools\mysql\current\bin;.
21-Jun-2017 20:01:42.955 INFO [main] org.apache.coyote.AbstractProtocol.init Initializing ProtocolHandler ["http-nio-8080"]
21-Jun-2017 20:01:42.993 INFO [main] org.apache.tomcat.util.net.NioSelectorPool.getSharedSelector Using a shared selector for servlet write/read
21-Jun-2017 20:01:42.994 INFO [main] org.apache.coyote.AbstractProtocol.init Initializing ProtocolHandler ["ajp-nio-8009"]
21-Jun-2017 20:01:42.998 INFO [main] org.apache.tomcat.util.net.NioSelectorPool.getSharedSelector Using a shared selector for servlet write/read
21-Jun-2017 20:01:42.999 INFO [main] org.apache.catalina.startup.Catalina.load Initialization processed in 311 ms
21-Jun-2017 20:01:43.012 INFO [main] org.apache.catalina.core.StandardService.startInternal Starting service Catalina
21-Jun-2017 20:01:43.012 INFO [main] org.apache.catalina.core.StandardEngine.startInternal Starting Servlet Engine: Apache Tomcat/9.0.0.M1
21-Jun-2017 20:01:43.018 INFO [localhost-startStop-1] org.apache.catalina.startup.HostConfig.deployDirectory Deploying web application directory C:\apache-tomcat-9.0.0.M1\webapps\docs
21-Jun-2017 20:01:43.232 INFO [localhost-startStop-1] org.apache.catalina.startup.HostConfig.deployDirectory Deployment of web application directory C:\apache-tomcat-9.0.0.M1\webapps\docs has finished in 213 ms
21-Jun-2017 20:01:43.232 INFO [localhost-startStop-1] org.apache.catalina.startup.HostConfig.deployDirectory Deploying web application directory C:\apache-tomcat-9.0.0.M1\webapps\examples
21-Jun-2017 20:01:43.416 INFO [localhost-startStop-1] org.apache.catalina.startup.HostConfig.deployDirectory Deployment of web application directory C:\apache-tomcat-9.0.0.M1\webapps\examples has finished in 184 ms
21-Jun-2017 20:01:43.416 INFO [localhost-startStop-1] org.apache.catalina.startup.HostConfig.deployDirectory Deploying web application directory C:\apache-tomcat-9.0.0.M1\webapps\host-manager
21-Jun-2017 20:01:43.435 INFO [localhost-startStop-1] org.apache.catalina.startup.HostConfig.deployDirectory Deployment of web application directory C:\apache-tomcat-9.0.0.M1\webapps\host-manager has finished in 19 ms
21-Jun-2017 20:01:43.435 INFO [localhost-startStop-1] org.apache.catalina.startup.HostConfig.deployDirectory Deploying web application directory C:\apache-tomcat-9.0.0.M1\webapps\manager
21-Jun-2017 20:01:43.452 INFO [localhost-startStop-1] org.apache.catalina.startup.HostConfig.deployDirectory Deployment of web application directory C:\apache-tomcat-9.0.0.M1\webapps\manager has finished in 17 ms
21-Jun-2017 20:01:43.452 INFO [localhost-startStop-1] org.apache.catalina.startup.HostConfig.deployDirectory Deploying web application directory C:\apache-tomcat-9.0.0.M1\webapps\ROOT
21-Jun-2017 20:01:43.480 INFO [localhost-startStop-1] org.apache.catalina.startup.HostConfig.deployDirectory Deployment of web application directory C:\apache-tomcat-9.0.0.M1\webapps\ROOT has finished in 28 ms
21-Jun-2017 20:01:43.482 INFO [main] org.apache.coyote.AbstractProtocol.start Starting ProtocolHandler [http-nio-8080]
21-Jun-2017 20:01:43.486 INFO [main] org.apache.coyote.AbstractProtocol.start Starting ProtocolHandler [ajp-nio-8009]
21-Jun-2017 20:01:43.487 INFO [main] org.apache.catalina.startup.Catalina.start Server startup in 487 ms
